0 info it worked if it ends with ok
1 verbose cli [ '/home/joek/.nvm/versions/node/v5.4.0/bin/node',
1 verbose cli   '/home/joek/.nvm/versions/node/v5.4.0/bin/npm',
1 verbose cli   'run',
1 verbose cli   'watch' ]
2 info using npm@3.3.12
3 info using node@v5.4.0
4 verbose run-script [ 'prewatch', 'watch', 'postwatch' ]
5 info lifecycle rawcan@0.1.3~prewatch: rawcan@0.1.3
6 silly lifecycle rawcan@0.1.3~prewatch: no script for prewatch, continuing
7 info lifecycle rawcan@0.1.3~watch: rawcan@0.1.3
8 verbose lifecycle rawcan@0.1.3~watch: unsafe-perm in lifecycle true
9 verbose lifecycle rawcan@0.1.3~watch: PATH: /home/joek/.nvm/versions/node/v5.4.0/lib/node_modules/npm/bin/node-gyp-bin:/home/joek/code/rawcan/node_modules/.bin:/home/joek/.nvm/versions/node/v5.4.0/bin:/usr/local/bin:/usr/bin:/bin:/usr/local/games:/usr/games:/sbin:/home/joek/bin:/home/joek/.scripts:/home/joek/.config/bspwm/panel:/home/joek/.rvm/bin:/opt/android/android-sdk-linux/tools
10 verbose lifecycle rawcan@0.1.3~watch: CWD: /home/joek/code/rawcan
11 silly lifecycle rawcan@0.1.3~watch: Args: [ '-c', 'npm run build:js -- --watch' ]
12 silly lifecycle rawcan@0.1.3~watch: Returned: code: 1  signal: null
13 info lifecycle rawcan@0.1.3~watch: Failed to exec watch script
14 verbose stack Error: rawcan@0.1.3 watch: `npm run build:js -- --watch`
14 verbose stack Exit status 1
14 verbose stack     at EventEmitter.<anonymous> (/home/joek/.nvm/versions/node/v5.4.0/lib/node_modules/npm/lib/utils/lifecycle.js:232:16)
14 verbose stack     at emitTwo (events.js:87:13)
14 verbose stack     at EventEmitter.emit (events.js:172:7)
14 verbose stack     at ChildProcess.<anonymous> (/home/joek/.nvm/versions/node/v5.4.0/lib/node_modules/npm/lib/utils/spawn.js:24:14)
14 verbose stack     at emitTwo (events.js:87:13)
14 verbose stack     at ChildProcess.emit (events.js:172:7)
14 verbose stack     at maybeClose (internal/child_process.js:821:16)
14 verbose stack     at Process.ChildProcess._handle.onexit (internal/child_process.js:211:5)
15 verbose pkgid rawcan@0.1.3
16 verbose cwd /home/joek/code/rawcan
17 error Linux 4.3.0-1-686-pae
18 error argv "/home/joek/.nvm/versions/node/v5.4.0/bin/node" "/home/joek/.nvm/versions/node/v5.4.0/bin/npm" "run" "watch"
19 error node v5.4.0
20 error npm  v3.3.12
21 error code ELIFECYCLE
22 error rawcan@0.1.3 watch: `npm run build:js -- --watch`
22 error Exit status 1
23 error Failed at the rawcan@0.1.3 watch script 'npm run build:js -- --watch'.
23 error Make sure you have the latest version of node.js and npm installed.
23 error If you do, this is most likely a problem with the rawcan package,
23 error not with npm itself.
23 error Tell the author that this fails on your system:
23 error     npm run build:js -- --watch
23 error You can get their info via:
23 error     npm owner ls rawcan
23 error There is likely additional logging output above.
24 verbose exit [ 1, true ]
